# JRE version: OpenJDK Runtime Environment Temurin-17.0.11+9 (17.0.11+9) (build 17.0.11+9)
# Java VM: OpenJDK 64-Bit Server VM Temurin-17.0.11+9 (17.0.11+9, mixed mode, tiered, compressed oops, compressed class ptrs, parallel gc, windows-amd64)
GC Precious Log:
 CPUs: 8 total, 8 available
 Memory: 16077M
 Large Page Support: Disabled
 NUMA Support: Disabled
 Compressed Oops: Enabled (32-bit)
 Alignments: Space 512K, Generation 512K, Heap 2M
 Heap Min Capacity: 100M
 Heap Initial Capacity: 100M
 Heap Max Capacity: 1G
 Pre-touch: Disabled
 Parallel Workers: 8
Heap:
 PSYoungGen      total 1536K, used 912K [0x00000000eab00000, 0x00000000ead80000, 0x0000000100000000)
  eden space 512K, 0% used [0x00000000eab00000,0x00000000eab00000,0x00000000eab80000)
  from space 1024K, 89% used [0x00000000eab80000,0x00000000eac64050,0x00000000eac80000)
  to   space 1024K, 0% used [0x00000000eac80000,0x00000000eac80000,0x00000000ead80000)
 ParOldGen       total 134144K, used 133990K [0x00000000c0000000, 0x00000000c8300000, 0x00000000eab00000)
  object space 134144K, 99% used [0x00000000c0000000,0x00000000c82d99b8,0x00000000c8300000)
 Metaspace       used 76861K, committed 78080K, reserved 1179648K
  class space    used 7959K, committed 8448K, reserved 1048576K
GC Heap History (20 events):
Event: 99176.392 GC heap after
{Heap after GC invocations=126 (full 5):
 PSYoungGen      total 2048K, used 752K [0x00000000eab00000, 0x00000000eae00000, 0x0000000100000000)
  eden space 1024K, 0% used [0x00000000eab00000,0x00000000eab00000,0x00000000eac00000)
  from space 1024K, 73% used [0x00000000ead00000,0x00000000eadbc050,0x00000000eae00000)
  to   space 1024K, 0% used [0x00000000eac00000,0x00000000eac00000,0x00000000ead00000)
 ParOldGen       total 133632K, used 133359K [0x00000000c0000000, 0x00000000c8280000, 0x00000000eab00000)
  object space 133632K, 99% used [0x00000000c0000000,0x00000000c823bf38,0x00000000c8280000)
 Metaspace       used 76833K, committed 78016K, reserved 1179648K
  class space    used 7959K, committed 8448K, reserved 1048576K
}
Event: 99176.451 GC heap before
{Heap before GC invocations=127 (full 5):
 PSYoungGen      total 2048K, used 1775K [0x00000000eab00000, 0x00000000eae00000, 0x0000000100000000)
  eden space 1024K, 99% used [0x00000000eab00000,0x00000000eabfffa8,0x00000000eac00000)
  from space 1024K, 73% used [0x00000000ead00000,0x00000000eadbc050,0x00000000eae00000)
  to   space 1024K, 0% used [0x00000000eac00000,0x00000000eac00000,0x00000000ead00000)
 ParOldGen       total 133632K, used 133359K [0x00000000c0000000, 0x00000000c8280000, 0x00000000eab00000)
  object space 133632K, 99% used [0x00000000c0000000,0x00000000c823bf38,0x00000000c8280000)
 Metaspace       used 76833K, committed 78016K, reserved 1179648K
  class space    used 7959K, committed 8448K, reserved 1048576K
}
Event: 99176.453 GC heap after
{Heap after GC invocations=127 (full 5):
 PSYoungGen      total 2048K, used 688K [0x00000000eab00000, 0x00000000eae00000, 0x0000000100000000)
  eden space 1024K, 0% used [0x00000000eab00000,0x00000000eab00000,0x00000000eac00000)
  from space 1024K, 67% used [0x00000000eac00000,0x00000000eacac030,0x00000000ead00000)
  to   space 1024K, 0% used [0x00000000ead00000,0x00000000ead00000,0x00000000eae00000)
 ParOldGen       total 133632K, used 133359K [0x00000000c0000000, 0x00000000c8280000, 0x00000000eab00000)
  object space 133632K, 99% used [0x00000000c0000000,0x00000000c823bf38,0x00000000c8280000)
 Metaspace       used 76833K, committed 78016K, reserved 1179648K
  class space    used 7959K, committed 8448K, reserved 1048576K
}
Event: 99176.464 GC heap before
{Heap before GC invocations=128 (full 5):
 PSYoungGen      total 2048K, used 1712K [0x00000000eab00000, 0x00000000eae00000, 0x0000000100000000)
  eden space 1024K, 99% used [0x00000000eab00000,0x00000000eabfffd0,0x00000000eac00000)
  from space 1024K, 67% used [0x00000000eac00000,0x00000000eacac030,0x00000000ead00000)
  to   space 1024K, 0% used [0x00000000ead00000,0x00000000ead00000,0x00000000eae00000)
 ParOldGen       total 133632K, used 133359K [0x00000000c0000000, 0x00000000c8280000, 0x00000000eab00000)
  object space 133632K, 99% used [0x00000000c0000000,0x00000000c823bf38,0x00000000c8280000)
 Metaspace       used 76836K, committed 78016K, reserved 1179648K
  class space    used 7959K, committed 8448K, reserved 1048576K
}
Event: 99176.466 GC heap after
{Heap after GC invocations=128 (full 5):
 PSYoungGen      total 2048K, used 560K [0x00000000eab00000, 0x00000000eae00000, 0x0000000100000000)
  eden space 1024K, 0% used [0x00000000eab00000,0x00000000eab00000,0x00000000eac00000)
  from space 1024K, 54% used [0x00000000ead00000,0x00000000ead8c010,0x00000000eae00000)
  to   space 1024K, 0% used [0x00000000eac00000,0x00000000eac00000,0x00000000ead00000)
 ParOldGen       total 133632K, used 133439K [0x00000000c0000000, 0x00000000c8280000, 0x00000000eab00000)
  object space 133632K, 99% used [0x00000000c0000000,0x00000000c824ff58,0x00000000c8280000)
 Metaspace       used 76836K, committed 78016K, reserved 1179648K
  class space    used 7959K, committed 8448K, reserved 1048576K
}
Event: 99176.537 GC heap before
{Heap before GC invocations=129 (full 5):
 PSYoungGen      total 2048K, used 1584K [0x00000000eab00000, 0x00000000eae00000, 0x0000000100000000)
  eden space 1024K, 100% used [0x00000000eab00000,0x00000000eac00000,0x00000000eac00000)
  from space 1024K, 54% used [0x00000000ead00000,0x00000000ead8c010,0x00000000eae00000)
  to   space 1024K, 0% used [0x00000000eac00000,0x00000000eac00000,0x00000000ead00000)
 ParOldGen       total 133632K, used 133439K [0x00000000c0000000, 0x00000000c8280000, 0x00000000eab00000)
  object space 133632K, 99% used [0x00000000c0000000,0x00000000c824ff58,0x00000000c8280000)
 Metaspace       used 76850K, committed 78016K, reserved 1179648K
  class space    used 7959K, committed 8448K, reserved 1048576K
}
Event: 99176.539 GC heap after
{Heap after GC invocations=129 (full 5):
 PSYoungGen      total 2048K, used 560K [0x00000000eab00000, 0x00000000eae00000, 0x0000000100000000)
  eden space 1024K, 0% used [0x00000000eab00000,0x00000000eab00000,0x00000000eac00000)
  from space 1024K, 54% used [0x00000000eac00000,0x00000000eac8c010,0x00000000ead00000)
  to   space 1024K, 0% used [0x00000000ead00000,0x00000000ead00000,0x00000000eae00000)
 ParOldGen       total 133632K, used 133455K [0x00000000c0000000, 0x00000000c8280000, 0x00000000eab00000)
  object space 133632K, 99% used [0x00000000c0000000,0x00000000c8253f58,0x00000000c8280000)
 Metaspace       used 76850K, committed 78016K, reserved 1179648K
  class space    used 7959K, committed 8448K, reserved 1048576K
}
Event: 100501.224 GC heap before
{Heap before GC invocations=130 (full 5):
 PSYoungGen      total 2048K, used 1584K [0x00000000eab00000, 0x00000000eae00000, 0x0000000100000000)
  eden space 1024K, 99% used [0x00000000eab00000,0x00000000eabffff0,0x00000000eac00000)
  from space 1024K, 54% used [0x00000000eac00000,0x00000000eac8c010,0x00000000ead00000)
  to   space 1024K, 0% used [0x00000000ead00000,0x00000000ead00000,0x00000000eae00000)
 ParOldGen       total 133632K, used 133455K [0x00000000c0000000, 0x00000000c8280000, 0x00000000eab00000)
  object space 133632K, 99% used [0x00000000c0000000,0x00000000c8253f58,0x00000000c8280000)
 Metaspace       used 76858K, committed 78080K, reserved 1179648K
  class space    used 7959K, committed 8448K, reserved 1048576K
}
Event: 100501.226 GC heap after
{Heap after GC invocations=130 (full 5):
 PSYoungGen      total 2048K, used 544K [0x00000000eab00000, 0x00000000eae00000, 0x0000000100000000)
  eden space 1024K, 0% used [0x00000000eab00000,0x00000000eab00000,0x00000000eac00000)
  from space 1024K, 53% used [0x00000000ead00000,0x00000000ead88000,0x00000000eae00000)
  to   space 1024K, 0% used [0x00000000eac00000,0x00000000eac00000,0x00000000ead00000)
 ParOldGen       total 133632K, used 133479K [0x00000000c0000000, 0x00000000c8280000, 0x00000000eab00000)
  object space 133632K, 99% used [0x00000000c0000000,0x00000000c8259f58,0x00000000c8280000)
 Metaspace       used 76858K, committed 78080K, reserved 1179648K
  class space    used 7959K, committed 8448K, reserved 1048576K
}
Event: 142158.667 GC heap before
{Heap before GC invocations=131 (full 5):
 PSYoungGen      total 2048K, used 1558K [0x00000000eab00000, 0x00000000eae00000, 0x0000000100000000)
  eden space 1024K, 99% used [0x00000000eab00000,0x00000000eabfd9e0,0x00000000eac00000)
  from space 1024K, 53% used [0x00000000ead00000,0x00000000ead88000,0x00000000eae00000)
  to   space 1024K, 0% used [0x00000000eac00000,0x00000000eac00000,0x00000000ead00000)
 ParOldGen       total 133632K, used 133479K [0x00000000c0000000, 0x00000000c8280000, 0x00000000eab00000)
  object space 133632K, 99% used [0x00000000c0000000,0x00000000c8259f58,0x00000000c8280000)
 Metaspace       used 76859K, committed 78080K, reserved 1179648K
  class space    used 7959K, committed 8448K, reserved 1048576K
}
Event: 142158.678 GC heap after
{Heap after GC invocations=131 (full 5):
 PSYoungGen      total 2048K, used 560K [0x00000000eab00000, 0x00000000eae00000, 0x0000000100000000)
  eden space 1024K, 0% used [0x00000000eab00000,0x00000000eab00000,0x00000000eac00000)
  from space 1024K, 54% used [0x00000000eac00000,0x00000000eac8c010,0x00000000ead00000)
  to   space 1024K, 0% used [0x00000000ead00000,0x00000000ead00000,0x00000000eae00000)
 ParOldGen       total 133632K, used 133487K [0x00000000c0000000, 0x00000000c8280000, 0x00000000eab00000)
  object space 133632K, 99% used [0x00000000c0000000,0x00000000c825bf58,0x00000000c8280000)
 Metaspace       used 76859K, committed 78080K, reserved 1179648K
  class space    used 7959K, committed 8448K, reserved 1048576K
}
Event: 142158.716 GC heap before
{Heap before GC invocations=132 (full 5):
 PSYoungGen      total 2048K, used 1584K [0x00000000eab00000, 0x00000000eae00000, 0x0000000100000000)
  eden space 1024K, 100% used [0x00000000eab00000,0x00000000eac00000,0x00000000eac00000)
  from space 1024K, 54% used [0x00000000eac00000,0x00000000eac8c010,0x00000000ead00000)
  to   space 1024K, 0% used [0x00000000ead00000,0x00000000ead00000,0x00000000eae00000)
 ParOldGen       total 133632K, used 133487K [0x00000000c0000000, 0x00000000c8280000, 0x00000000eab00000)
  object space 133632K, 99% used [0x00000000c0000000,0x00000000c825bf58,0x00000000c8280000)
 Metaspace       used 76861K, committed 78080K, reserved 1179648K
  class space    used 7959K, committed 8448K, reserved 1048576K
}
Event: 142158.717 GC heap after
{Heap after GC invocations=132 (full 5):
 PSYoungGen      total 1536K, used 992K [0x00000000eab00000, 0x00000000eaf00000, 0x0000000100000000)
  eden space 512K, 0% used [0x00000000eab00000,0x00000000eab00000,0x00000000eab80000)
  from space 1024K, 96% used [0x00000000ead00000,0x00000000eadf8040,0x00000000eae00000)
  to   space 1536K, 0% used [0x00000000eab80000,0x00000000eab80000,0x00000000ead00000)
 ParOldGen       total 133632K, used 133495K [0x00000000c0000000, 0x00000000c8280000, 0x00000000eab00000)
  object space 133632K, 99% used [0x00000000c0000000,0x00000000c825df58,0x00000000c8280000)
 Metaspace       used 76861K, committed 78080K, reserved 1179648K
  class space    used 7959K, committed 8448K, reserved 1048576K
}
Event: 142158.740 GC heap before
{Heap before GC invocations=133 (full 5):
 PSYoungGen      total 1536K, used 1504K [0x00000000eab00000, 0x00000000eaf00000, 0x0000000100000000)
  eden space 512K, 100% used [0x00000000eab00000,0x00000000eab80000,0x00000000eab80000)
  from space 1024K, 96% used [0x00000000ead00000,0x00000000eadf8040,0x00000000eae00000)
  to   space 1536K, 0% used [0x00000000eab80000,0x00000000eab80000,0x00000000ead00000)
 ParOldGen       total 133632K, used 133495K [0x00000000c0000000, 0x00000000c8280000, 0x00000000eab00000)
  object space 133632K, 99% used [0x00000000c0000000,0x00000000c825df58,0x00000000c8280000)
 Metaspace       used 76861K, committed 78080K, reserved 1179648K
  class space    used 7959K, committed 8448K, reserved 1048576K
}
Event: 142158.742 GC heap after
{Heap after GC invocations=133 (full 5):
 PSYoungGen      total 1536K, used 800K [0x00000000eab00000, 0x00000000ead80000, 0x0000000100000000)
  eden space 512K, 0% used [0x00000000eab00000,0x00000000eab00000,0x00000000eab80000)
  from space 1024K, 78% used [0x00000000eab80000,0x00000000eac48060,0x00000000eac80000)
  to   space 1024K, 0% used [0x00000000eac80000,0x00000000eac80000,0x00000000ead80000)
 ParOldGen       total 133632K, used 133519K [0x00000000c0000000, 0x00000000c8280000, 0x00000000eab00000)
  object space 133632K, 99% used [0x00000000c0000000,0x00000000c8263f58,0x00000000c8280000)
 Metaspace       used 76861K, committed 78080K, reserved 1179648K
  class space    used 7959K, committed 8448K, reserved 1048576K
}
Event: 142158.744 GC heap before
{Heap before GC invocations=134 (full 5):
 PSYoungGen      total 1536K, used 1312K [0x00000000eab00000, 0x00000000ead80000, 0x0000000100000000)
  eden space 512K, 100% used [0x00000000eab00000,0x00000000eab80000,0x00000000eab80000)
  from space 1024K, 78% used [0x00000000eab80000,0x00000000eac48060,0x00000000eac80000)
  to   space 1024K, 0% used [0x00000000eac80000,0x00000000eac80000,0x00000000ead80000)
 ParOldGen       total 133632K, used 133519K [0x00000000c0000000, 0x00000000c8280000, 0x00000000eab00000)
  object space 133632K, 99% used [0x00000000c0000000,0x00000000c8263f58,0x00000000c8280000)
 Metaspace       used 76861K, committed 78080K, reserved 1179648K
  class space    used 7959K, committed 8448K, reserved 1048576K
}
Event: 142158.746 GC heap after
{Heap after GC invocations=134 (full 5):
 PSYoungGen      total 1536K, used 992K [0x00000000eab00000, 0x00000000eae80000, 0x0000000100000000)
  eden space 512K, 0% used [0x00000000eab00000,0x00000000eab00000,0x00000000eab80000)
  from space 1024K, 96% used [0x00000000eac80000,0x00000000ead78040,0x00000000ead80000)
  to   space 1024K, 0% used [0x00000000eab80000,0x00000000eab80000,0x00000000eac80000)
 ParOldGen       total 134144K, used 133638K [0x00000000c0000000, 0x00000000c8300000, 0x00000000eab00000)
  object space 134144K, 99% used [0x00000000c0000000,0x00000000c8281998,0x00000000c8300000)
 Metaspace       used 76861K, committed 78080K, reserved 1179648K
  class space    used 7959K, committed 8448K, reserved 1048576K
}
Event: 142158.765 GC heap before
{Heap before GC invocations=135 (full 5):
 PSYoungGen      total 1536K, used 1504K [0x00000000eab00000, 0x00000000eae80000, 0x0000000100000000)
  eden space 512K, 99% used [0x00000000eab00000,0x00000000eab7fff0,0x00000000eab80000)
  from space 1024K, 96% used [0x00000000eac80000,0x00000000ead78040,0x00000000ead80000)
  to   space 1024K, 0% used [0x00000000eab80000,0x00000000eab80000,0x00000000eac80000)
 ParOldGen       total 134144K, used 133638K [0x00000000c0000000, 0x00000000c8300000, 0x00000000eab00000)
  object space 134144K, 99% used [0x00000000c0000000,0x00000000c8281998,0x00000000c8300000)
 Metaspace       used 76861K, committed 78080K, reserved 1179648K
  class space    used 7959K, committed 8448K, reserved 1048576K
}
Event: 142158.768 GC heap after
{Heap after GC invocations=135 (full 5):
 PSYoungGen      total 1536K, used 912K [0x00000000eab00000, 0x00000000ead80000, 0x0000000100000000)
  eden space 512K, 0% used [0x00000000eab00000,0x00000000eab00000,0x00000000eab80000)
  from space 1024K, 89% used [0x00000000eab80000,0x00000000eac64050,0x00000000eac80000)
  to   space 1024K, 0% used [0x00000000eac80000,0x00000000eac80000,0x00000000ead80000)
 ParOldGen       total 134144K, used 133990K [0x00000000c0000000, 0x00000000c8300000, 0x00000000eab00000)
  object space 134144K, 99% used [0x00000000c0000000,0x00000000c82d99b8,0x00000000c8300000)
 Metaspace       used 76861K, committed 78080K, reserved 1179648K
  class space    used 7959K, committed 8448K, reserved 1048576K
}
Event: 142158.768 GC heap before
{Heap before GC invocations=136 (full 6):
 PSYoungGen      total 1536K, used 912K [0x00000000eab00000, 0x00000000ead80000, 0x0000000100000000)
  eden space 512K, 0% used [0x00000000eab00000,0x00000000eab00000,0x00000000eab80000)
  from space 1024K, 89% used [0x00000000eab80000,0x00000000eac64050,0x00000000eac80000)
  to   space 1024K, 0% used [0x00000000eac80000,0x00000000eac80000,0x00000000ead80000)
 ParOldGen       total 134144K, used 133990K [0x00000000c0000000, 0x00000000c8300000, 0x00000000eab00000)
  object space 134144K, 99% used [0x00000000c0000000,0x00000000c82d99b8,0x00000000c8300000)
 Metaspace       used 76861K, committed 78080K, reserved 1179648K
  class space    used 7959K, committed 8448K, reserved 1048576K
}

